
> byndio@1.0.0 lint
> tsc --noEmit

src/App.tsx(106,9): error TS2322: Type 'string | null' is not assignable to type 'string'.
  Type 'null' is not assignable to type 'string'.
src/App.tsx(147,87): error TS2322: Type '{ onOpenLogin: () => void; }' is not assignable to type 'IntrinsicAttributes'.
  Property 'onOpenLogin' does not exist on type 'IntrinsicAttributes'.
src/components/LocationPicker.tsx(138,28): error TS2554: Expected 1 arguments, but got 0.
src/components/LoginModal.tsx(299,92): error TS2551: Property 'catch' does not exist on type 'PostgrestFilterBuilder<any, any, any, any, "reset_rate_limit", null, "RPC">'. Did you mean 'match'?
src/components/Navbar.tsx(190,79): error TS2769: No overload matches this call.
  The last overload gave the following error.
    Object literal may only specify known properties, and 'size' does not exist in type 'Partial<unknown> & Attributes'.
src/components/Navbar.tsx(411,81): error TS2769: No overload matches this call.
  The last overload gave the following error.
    Object literal may only specify known properties, and 'size' does not exist in type 'Partial<unknown> & Attributes'.
src/components/PageWrapper.tsx(37,7): error TS2322: Type '{ initial: { opacity: number; y: number; }; enter: { opacity: number; y: number; transition: { duration: number; ease: number[]; }; }; exit: { opacity: number; y: number; transition: { duration: number; ease: number[]; }; }; }' is not assignable to type 'Variants'.
  Property 'enter' is incompatible with index signature.
    Type '{ opacity: number; y: number; transition: { duration: number; ease: number[]; }; }' is not assignable to type 'Variant'.
      Type '{ opacity: number; y: number; transition: { duration: number; ease: number[]; }; }' is not assignable to type 'TargetAndTransition'.
        Type '{ opacity: number; y: number; transition: { duration: number; ease: number[]; }; }' is not assignable to type '{ transition?: Transition<any> | undefined; transitionEnd?: ResolvedValues$1 | undefined; }'.
          Types of property 'transition' are incompatible.
            Type '{ duration: number; ease: number[]; }' is not assignable to type 'Transition<any> | undefined'.
              Type '{ duration: number; ease: number[]; }' is not assignable to type 'TransitionWithValueOverrides<any>'.
                Type '{ duration: number; ease: number[]; }' is not assignable to type 'ValueAnimationTransition<any>'.
                  Types of property 'ease' are incompatible.
                    Type 'number[]' is not assignable to type 'Easing | Easing[] | undefined'.
                      Type 'number[]' is not assignable to type 'EasingFunction | Easing[]'.
                        Type 'number[]' is not assignable to type 'Easing[]'.
                          Type 'number' is not assignable to type 'Easing'.
src/main.tsx(9,7): error TS2353: Object literal may only specify known properties, and 'integrations' does not exist in type '{ dsn?: string | undefined; environment?: string | undefined; tracesSampleRate?: number | undefined; }'.
src/main.tsx(9,29): error TS2339: Property 'browserTracingIntegration' does not exist on type '{ default: typeof import("@sentry/react"); init(config: { dsn?: string | undefined; environment?: string | undefined; tracesSampleRate?: number | undefined; }): void; }'.
src/pages/Admin.tsx(1978,5): error TS2304: Cannot find name 'setProcessing'.
src/pages/Admin.tsx(2004,7): error TS2304: Cannot find name 'setProcessing'.
src/pages/Admin.tsx(2128,48): error TS2304: Cannot find name 'handleMarkDelivered'.
src/pages/Admin.tsx(2501,19): error TS2304: Cannot find name 'returnRequests'.
src/pages/Admin.tsx(2501,39): error TS7006: Parameter 'r' implicitly has an 'any' type.
src/pages/Affiliate.tsx(407,7): error TS2304: Cannot find name 'toastSuccess'.
src/pages/Affiliate.tsx(409,7): error TS2304: Cannot find name 'toast'.
src/pages/Checkout.tsx(91,80): error TS2339: Property 'stock_quantity' does not exist on type 'CartItem'.
src/pages/CreatorDashboard.tsx(31,8): error TS2339: Property 'finally' does not exist on type 'PromiseLike<void>'.
src/pages/CreatorDashboard.tsx(175,8): error TS2339: Property 'catch' does not exist on type 'PromiseLike<void>'.
src/pages/CreatorDashboard.tsx(437,22): error TS2552: Cannot find name 'Clock'. Did you mean 'Lock'?
src/pages/CreatorDashboard.tsx(606,105): error TS2322: Type '"affiliate"' is not assignable to type '"seller" | "influencer"'.
src/pages/CreatorStorefront.tsx(39,12): error TS2552: Cannot find name 'motion'. Did you mean 'Option'?
src/pages/CreatorStorefront.tsx(47,13): error TS2552: Cannot find name 'motion'. Did you mean 'Option'?
src/pages/CreatorStorefront.tsx(48,12): error TS2552: Cannot find name 'motion'. Did you mean 'Option'?
src/pages/CreatorStorefront.tsx(54,13): error TS2552: Cannot find name 'motion'. Did you mean 'Option'?
src/pages/CreatorStorefront.tsx(105,17): error TS2552: Cannot find name 'motion'. Did you mean 'Option'?
src/pages/CreatorStorefront.tsx(114,18): error TS2304: Cannot find name 'motion'.
src/pages/Dashboard.tsx(242,9): error TS2353: Object literal may only specify known properties, and 'subscription_plan' does not exist in type 'SetStateAction<{ store_name: string; business_email: string; support_phone: string; store_location: string; }>'.
src/pages/Dashboard.tsx(377,21): error TS2345: Argument of type '{ name: string; description: string; price: string; mrp: string; category: string; stock_quantity: string; images: string; }' is not assignable to parameter of type 'SetStateAction<{ name: string; description: string; price: string; mrp: string; category: string; stock_quantity: string; commission_pct: string; images: string; promo_video_url: string; }>'.
  Type '{ name: string; description: string; price: string; mrp: string; category: string; stock_quantity: string; images: string; }' is missing the following properties from type '{ name: string; description: string; price: string; mrp: string; category: string; stock_quantity: string; commission_pct: string; images: string; promo_video_url: string; }': commission_pct, promo_video_url
src/pages/Dropshipping.tsx(54,8): error TS2339: Property 'finally' does not exist on type 'PromiseLike<void>'.
src/pages/Home.tsx(198,72): error TS2769: No overload matches this call.
  The last overload gave the following error.
    Object literal may only specify known properties, and 'size' does not exist in type 'Partial<unknown> & Attributes'.
src/pages/MyOrders.tsx(34,7): error TS2353: Object literal may only specify known properties, and 'updated_at' does not exist in type 'Order'.
src/pages/MyOrders.tsx(47,7): error TS2353: Object literal may only specify known properties, and 'updated_at' does not exist in type 'Order'.
src/pages/MyOrders.tsx(209,27): error TS2339: Property 'tracking_awb' does not exist on type 'Order'.
src/pages/MyOrders.tsx(210,38): error TS2339: Property 'tracking_url' does not exist on type 'Order'.
src/pages/MyOrders.tsx(225,102): error TS2339: Property 'payment_id' does not exist on type 'Order'.
src/pages/ProductDetail.tsx(46,8): error TS2339: Property 'catch' does not exist on type 'PromiseLike<void>'.
src/pages/ProductDetail.tsx(59,8): error TS2339: Property 'catch' does not exist on type 'PromiseLike<void>'.
src/pages/ProductDetail.tsx(65,7): error TS18048: 'product' is possibly 'undefined'.
src/pages/Profile.tsx(16,40): error TS2339: Property 'wallet' does not exist on type 'AppState'.
src/pages/Profile.tsx(341,28): error TS2304: Cannot find name 'Star'.
src/pages/Profile.tsx(344,34): error TS2304: Cannot find name 'Star'.
src/pages/Profile.tsx(367,38): error TS2304: Cannot find name 'Star'.
src/pages/Seller.tsx(381,71): error TS2769: No overload matches this call.
  The last overload gave the following error.
    Object literal may only specify known properties, and 'size' does not exist in type 'Partial<unknown> & Attributes'.
src/store.ts(184,24): error TS2339: Property 'catch' does not exist on type 'PromiseLike<void>'.
src/store.ts(184,31): error TS7006: Parameter 'err' implicitly has an 'any' type.
src/store.ts(186,18): error TS2339: Property 'catch' does not exist on type 'PromiseLike<void>'.
src/store.ts(186,25): error TS7006: Parameter 'err' implicitly has an 'any' type.
src/store.ts(207,17): error TS2339: Property 'catch' does not exist on type 'PromiseLike<void>'.
src/store.ts(262,38): error TS2352: Conversion of type '{ id: any; buyer_id: any; total_amount: any; status: any; payment_status: any; shipping_address: any; payment_method: any; created_at: any; order_items: { id: any; quantity: any; price: any; products: { ...; }[]; }[]; }[]' to type 'Order[]' may be a mistake because neither type sufficiently overlaps with the other. If this was intentional, convert the expression to 'unknown' first.
  Type '{ id: any; buyer_id: any; total_amount: any; status: any; payment_status: any; shipping_address: any; payment_method: any; created_at: any; order_items: { id: any; quantity: any; price: any; products: { ...; }[]; }[]; }' is not comparable to type 'Order'.
    Types of property 'order_items' are incompatible.
      Type '{ id: any; quantity: any; price: any; products: { name: any; images: any; }[]; }[]' is not comparable to type '{ id: string; quantity: number; price: number; products: { name: string; images: string[]; } | null; }[]'.
        Type '{ id: any; quantity: any; price: any; products: { name: any; images: any; }[]; }' is not comparable to type '{ id: string; quantity: number; price: number; products: { name: string; images: string[]; } | null; }'.
          Types of property 'products' are incompatible.
            Type '{ name: any; images: any; }[]' is missing the following properties from type '{ name: string; images: string[]; }': name, images
